Using pre-set license
Built from '2020.3/release' branch; Version is '2020.3.15f2 (6cf78cb77498) revision 7141260'; Using compiler version '192528614'; Build Type 'Release'
OS: 'Windows 10 Home; OS build 19044.1586; Version 2009; 64bit' Language: 'ja' Physical Memory: 3881 MB
BatchMode: 1, IsHumanControllingUs: 0, StartBugReporterOnCrash: 0, Is64bit: 1, IsPro: 0

 COMMAND LINE ARGUMENTS:
C:\Program Files\Unity\Hub\Editor\2020.3.15f2\Editor\Unity.exe
-adb2
-batchMode
-noUpm
-name
AssetImportWorker0
-projectPath
C:/Users/mount/Desktop/Projects/unity-topdownshooting/Shooting Game
-logFile
Logs/AssetImportWorker0.log
-srvPort
63448
Successfully changed project path to: C:/Users/mount/Desktop/Projects/unity-topdownshooting/Shooting Game
C:/Users/mount/Desktop/Projects/unity-topdownshooting/Shooting Game
Using Asset Import Pipeline V2.
Refreshing native plugins compatible for Editor in 241.75 ms, found 2 plugins.
Preloading 0 native plugins for Editor in 0.00 ms.
Initialize engine version: 2020.3.15f2 (6cf78cb77498)
[Subsystems] Discovering subsystems at path C:/Program Files/Unity/Hub/Editor/2020.3.15f2/Editor/Data/Resources/UnitySubsystems
[Subsystems] Discovering subsystems at path C:/Users/mount/Desktop/Projects/unity-topdownshooting/Shooting Game/Assets
GfxDevice: creating device client; threaded=0
Direct3D:
    Version:  Direct3D 11.0 [level 11.1]
    Renderer: Intel(R) UHD Graphics (ID=0x9b41)
    Vendor:   
    VRAM:     1940 MB
    Driver:   27.20.100.9664
Initialize mono
Mono path[0] = 'C:/Program Files/Unity/Hub/Editor/2020.3.15f2/Editor/Data/Managed'
Mono path[1] = 'C:/Program Files/Unity/Hub/Editor/2020.3.15f2/Editor/Data/MonoBleedingEdge/lib/mono/unityjit'
Mono config path = 'C:/Program Files/Unity/Hub/Editor/2020.3.15f2/Editor/Data/MonoBleedingEdge/etc'
Using monoOptions --debugger-agent=transport=dt_socket,embedding=1,server=y,suspend=n,address=127.0.0.1:56732
Begin MonoManager ReloadAssembly
Registering precompiled unity dll's ...
Register platform support module: C:/Program Files/Unity/Hub/Editor/2020.3.15f2/Editor/Data/PlaybackEngines/WebGLSupport/UnityEditor.WebGL.Extensions.dll
Register platform support module: C:/Program Files/Unity/Hub/Editor/2020.3.15f2/Editor/Data/PlaybackEngines/WindowsStandaloneSupport/UnityEditor.WindowsStandalone.Extensions.dll
Registered in 0.008653 seconds.
Native extension for WindowsStandalone target not found
Native extension for WebGL target not found
Refreshing native plugins compatible for Editor in 65.31 ms, found 2 plugins.
Preloading 0 native plugins for Editor in 0.00 ms.
Mono: successfully reloaded assembly
- Completed reload, in  4.884 seconds
Domain Reload Profiling:
	ReloadAssembly (4885ms)
		BeginReloadAssembly (209ms)
			ExecutionOrderSort (0ms)
			DisableScriptedObjects (0ms)
			BackupInstance (0ms)
			ReleaseScriptingObjects (0ms)
			CreateAndSetChildDomain (7ms)
		EndReloadAssembly (781ms)
			LoadAssemblies (192ms)
			RebuildTransferFunctionScriptingTraits (5ms)
			SetupTypeCache (278ms)
			ReleaseScriptCaches (0ms)
			RebuildScriptCaches (49ms)
			SetupLoadedEditorAssemblies (318ms)
				LogAssemblyErrors (0ms)
				InitializePlatformSupportModulesInManaged (14ms)
				SetLoadedEditorAssemblies (0ms)
				RefreshPlugins (65ms)
				BeforeProcessingInitializeOnLoad (24ms)
				ProcessInitializeOnLoadAttributes (166ms)
				ProcessInitializeOnLoadMethodAttributes (48ms)
				AfterProcessingInitializeOnLoad (0ms)
				EditorAssembliesLoaded (1ms)
			ExecutionOrderSort2 (0ms)
			AwakeInstancesAfterBackupRestoration (0ms)
Platform modules already initialized, skipping
Registering precompiled user dll's ...
Registered in 0.019285 seconds.
Begin MonoManager ReloadAssembly
Native extension for WindowsStandalone target not found
Native extension for WebGL target not found
Refreshing native plugins compatible for Editor in 1.57 ms, found 2 plugins.
Preloading 0 native plugins for Editor in 0.00 ms.
Mono: successfully reloaded assembly
- Completed reload, in  1.929 seconds
Domain Reload Profiling:
	ReloadAssembly (1932ms)
		BeginReloadAssembly (241ms)
			ExecutionOrderSort (0ms)
			DisableScriptedObjects (6ms)
			BackupInstance (0ms)
			ReleaseScriptingObjects (0ms)
			CreateAndSetChildDomain (32ms)
		EndReloadAssembly (1594ms)
			LoadAssemblies (196ms)
			RebuildTransferFunctionScriptingTraits (0ms)
			SetupTypeCache (474ms)
			ReleaseScriptCaches (1ms)
			RebuildScriptCaches (64ms)
			SetupLoadedEditorAssemblies (703ms)
				LogAssemblyErrors (0ms)
				InitializePlatformSupportModulesInManaged (9ms)
				SetLoadedEditorAssemblies (1ms)
				RefreshPlugins (2ms)
				BeforeProcessingInitializeOnLoad (172ms)
				ProcessInitializeOnLoadAttributes (504ms)
				ProcessInitializeOnLoadMethodAttributes (7ms)
				AfterProcessingInitializeOnLoad (7ms)
				EditorAssembliesLoaded (0ms)
			ExecutionOrderSort2 (0ms)
			AwakeInstancesAfterBackupRestoration (14ms)
Platform modules already initialized, skipping
========================================================================
Worker process is ready to serve import requests
Launched and connected shader compiler UnityShaderCompiler.exe after 0.20 seconds
Refreshing native plugins compatible for Editor in 0.44 ms, found 2 plugins.
Preloading 0 native plugins for Editor in 0.00 ms.
Unloading 1911 Unused Serialized files (Serialized files now loaded: 0)
System memory in use before: 86.1 MB.
System memory in use after: 86.2 MB.

Unloading 20 unused Assets to reduce memory usage. Loaded Objects now: 2346.
Total: 11.193900 ms (FindLiveObjects: 0.360700 ms CreateObjectMapping: 0.127300 ms MarkObjects: 9.771500 ms  DeleteObjects: 0.931900 ms)

AssetImportParameters requested are different than current active one (requested -> active):
  custom:framework-win-MediaFoundation: 216162199b28c13a410421893ffa2e32 -> 
  custom:video-decoder-ogg-theora: a1e56fd34408186e4bbccfd4996cb3dc -> 
  custom:container-muxer-webm: aa71ff27fc2769a1b78a27578f13a17b -> 
  custom:container-demuxer-webm: 4f35f7cbe854078d1ac9338744f61a02 -> 
  custom:container-demuxer-ogg: 62fdf1f143b41e24485cea50d1cbac27 -> 
  custom:video-encoder-webm-vp8: eb34c28f22e8b96e1ab97ce403110664 -> 
  custom:video-codec-MediaFoundation-h265: 746d11721c4dcdbdad8f713fa42b33f4 -> 
  custom:video-decoder-webm-vp8: 9c59270c3fd7afecdb556c50c9e8de78 -> 
  custom:audio-decoder-ogg-vorbis: bf7c407c2cedff20999df2af8eb42d56 -> 
  custom:audio-encoder-webm-vorbis: bf7c407c2cedff20999df2af8eb42d56 -> 
========================================================================
Received Import Request.
  path: Assets/Imported/Area.fbx
  artifactKey: Guid(5db60acc7166d04409db2e0ab7ac23c1) Importer(815301076,1909f56bfc062723c751e8b465ee728b)
Start importing Assets/Imported/Area.fbx using Guid(5db60acc7166d04409db2e0ab7ac23c1) Importer(815301076,1909f56bfc062723c751e8b465ee728b)  -> (artifact id: 'a6ede49c26d654cbdadcc00e1281bba3') in 0.435537 seconds 
  Import took 0.442899 seconds .

========================================================================
Received Import Request.
  Time since last request: 0.000891 seconds.
  path: Assets/Imported
  artifactKey: Guid(77676d3623d0c9a4ab4ba910bd273e0a) Importer(815301076,1909f56bfc062723c751e8b465ee728b)
Start importing Assets/Imported using Guid(77676d3623d0c9a4ab4ba910bd273e0a) Importer(815301076,1909f56bfc062723c751e8b465ee728b)  -> (artifact id: 'cb302a5756effec17776b294d7dce76f') in 0.025633 seconds 
  Import took 0.032422 seconds .

========================================================================
Received Import Request.
  Time since last request: 54.271913 seconds.
  path: Assets/Imported/Map.blend
  artifactKey: Guid(df499ec972381254bb269cad1f28a993) Importer(815301076,1909f56bfc062723c751e8b465ee728b)
Start importing Assets/Imported/Map.blend using Guid(df499ec972381254bb269cad1f28a993) Importer(815301076,1909f56bfc062723c751e8b465ee728b)  -> (artifact id: '1f17d5e54375d29bb3e6be4549fd85a6') in 0.068095 seconds 
  Import took 0.074944 seconds .

========================================================================
Received Import Request.
  Time since last request: 209.737108 seconds.
  path: Assets/Imported/Map.blend
  artifactKey: Guid(df499ec972381254bb269cad1f28a993) Importer(815301076,1909f56bfc062723c751e8b465ee728b)
Start importing Assets/Imported/Map.blend using Guid(df499ec972381254bb269cad1f28a993) Importer(815301076,1909f56bfc062723c751e8b465ee728b)  -> (artifact id: '7a48157d4b1c2c71d045f2c7e7cf4a19') in 0.179656 seconds 
  Import took 0.275283 seconds .

========================================================================
Received Import Request.
  Time since last request: 12.304304 seconds.
  path: Assets/Imported/Map.blend
  artifactKey: Guid(df499ec972381254bb269cad1f28a993) Importer(815301076,1909f56bfc062723c751e8b465ee728b)
Start importing Assets/Imported/Map.blend using Guid(df499ec972381254bb269cad1f28a993) Importer(815301076,1909f56bfc062723c751e8b465ee728b)  -> (artifact id: '4b9946ffabe487e0a75f94ccf29e00b6') in 0.059178 seconds 
  Import took 0.072653 seconds .

========================================================================
Received Import Request.
  Time since last request: 8.815397 seconds.
  path: Assets/Imported/Map.blend
  artifactKey: Guid(df499ec972381254bb269cad1f28a993) Importer(815301076,1909f56bfc062723c751e8b465ee728b)
Start importing Assets/Imported/Map.blend using Guid(df499ec972381254bb269cad1f28a993) Importer(815301076,1909f56bfc062723c751e8b465ee728b)  -> (artifact id: 'f284bbbe25a0b779a6df1423a4944b36') in 0.061561 seconds 
  Import took 0.071028 seconds .

========================================================================
Received Import Request.
  Time since last request: 22.231537 seconds.
  path: Assets/Scenes
  artifactKey: Guid(6c674b196272da64b8c2bd90c0c57fd6) Importer(815301076,1909f56bfc062723c751e8b465ee728b)
Start importing Assets/Scenes using Guid(6c674b196272da64b8c2bd90c0c57fd6) Importer(815301076,1909f56bfc062723c751e8b465ee728b)  -> (artifact id: '85e89e9bcfc663108f5655e0ef152196') in 0.024064 seconds 
  Import took 0.033726 seconds .

========================================================================
Received Import Request.
  Time since last request: 16.625963 seconds.
  path: Assets/Scenes/Scene_Test].unity
  artifactKey: Guid(516c41c853566224d94cdbbeb452f12d) Importer(815301076,1909f56bfc062723c751e8b465ee728b)
Start importing Assets/Scenes/Scene_Test].unity using Guid(516c41c853566224d94cdbbeb452f12d) Importer(815301076,1909f56bfc062723c751e8b465ee728b)  -> (artifact id: '215fd65b3fc5e86e197dc1b4ed1dfab9') in 0.035721 seconds 
  Import took 0.041648 seconds .

========================================================================
Received Import Request.
  Time since last request: 4.127456 seconds.
  path: Assets/Scenes/Scene_Test.unity
  artifactKey: Guid(516c41c853566224d94cdbbeb452f12d) Importer(815301076,1909f56bfc062723c751e8b465ee728b)
Start importing Assets/Scenes/Scene_Test.unity using Guid(516c41c853566224d94cdbbeb452f12d) Importer(815301076,1909f56bfc062723c751e8b465ee728b)  -> (artifact id: 'b43e35570ab734849652d4d0fb22b3b3') in 0.018085 seconds 
  Import took 0.034751 seconds .

========================================================================
Received Import Request.
  Time since last request: 35.688194 seconds.
  path: Assets/Materials
  artifactKey: Guid(cd56b2d851ab2084aa0ffced0c780930) Importer(815301076,1909f56bfc062723c751e8b465ee728b)
Start importing Assets/Materials using Guid(cd56b2d851ab2084aa0ffced0c780930) Importer(815301076,1909f56bfc062723c751e8b465ee728b)  -> (artifact id: '42c174092150a0f89306d04d36cf3b22') in 0.018395 seconds 
  Import took 0.030439 seconds .

========================================================================
Received Import Request.
  Time since last request: 0.044365 seconds.
  path: Assets/Materials/Aim_LineRenderer.mat
  artifactKey: Guid(8b41a8a127d90704fa87a7cde212f287) Importer(815301076,1909f56bfc062723c751e8b465ee728b)
Start importing Assets/Materials/Aim_LineRenderer.mat using Guid(8b41a8a127d90704fa87a7cde212f287) Importer(815301076,1909f56bfc062723c751e8b465ee728b)  -> (artifact id: '9092c3f2c97f4409c5551354b48b4e36') in 0.348899 seconds 
  Import took 0.354405 seconds .

========================================================================
Received Import Request.
  Time since last request: 0.000225 seconds.
  path: Assets/Materials/Gun.mat
  artifactKey: Guid(0d4ae30aeecb1d04fa0e1336ec849a5d) Importer(815301076,1909f56bfc062723c751e8b465ee728b)
Start importing Assets/Materials/Gun.mat using Guid(0d4ae30aeecb1d04fa0e1336ec849a5d) Importer(815301076,1909f56bfc062723c751e8b465ee728b)  -> (artifact id: '5f45728bf386ea0933875788bcde3d8e') in 0.056979 seconds 
  Import took 0.062003 seconds .

========================================================================
Received Import Request.
  Time since last request: 0.000244 seconds.
  path: Assets/Materials/Baseplate.mat
  artifactKey: Guid(166ccb8f949b31648a6259f47c2cb497) Importer(815301076,1909f56bfc062723c751e8b465ee728b)
Start importing Assets/Materials/Baseplate.mat using Guid(166ccb8f949b31648a6259f47c2cb497) Importer(815301076,1909f56bfc062723c751e8b465ee728b)  -> (artifact id: '3bbf48de6177b88cadb7bc6bacbdab83') in 0.044702 seconds 
  Import took 0.049862 seconds .

========================================================================
Received Import Request.
  Time since last request: 0.000217 seconds.
  path: Assets/Materials/Player.mat
  artifactKey: Guid(8565bb75611e1b74c8cef3ba7ea13c96) Importer(815301076,1909f56bfc062723c751e8b465ee728b)
Start importing Assets/Materials/Player.mat using Guid(8565bb75611e1b74c8cef3ba7ea13c96) Importer(815301076,1909f56bfc062723c751e8b465ee728b)  -> (artifact id: '582ca457c562dd449790b13a87ec17c6') in 0.045382 seconds 
  Import took 0.050873 seconds .

========================================================================
Received Import Request.
  Time since last request: 0.000346 seconds.
  path: Assets/Materials/Baseplate.mat
  artifactKey: Guid(166ccb8f949b31648a6259f47c2cb497) Importer(815301076,1909f56bfc062723c751e8b465ee728b)
Start importing Assets/Materials/Baseplate.mat using Guid(166ccb8f949b31648a6259f47c2cb497) Importer(815301076,1909f56bfc062723c751e8b465ee728b)  -> (artifact id: '3bbf48de6177b88cadb7bc6bacbdab83') in 0.025990 seconds 
  Import took 0.033576 seconds .

========================================================================
Received Import Request.
  Time since last request: 0.000233 seconds.
  path: Assets/Materials/Enemy.mat
  artifactKey: Guid(31e80a14df7ce1b409e005f07298e383) Importer(815301076,1909f56bfc062723c751e8b465ee728b)
Start importing Assets/Materials/Enemy.mat using Guid(31e80a14df7ce1b409e005f07298e383) Importer(815301076,1909f56bfc062723c751e8b465ee728b)  -> (artifact id: '5c31f878d782d368e576f124981a05c0') in 0.052259 seconds 
  Import took 0.060480 seconds .

========================================================================
Received Import Request.
  Time since last request: 0.000213 seconds.
  path: Assets/Materials/Bullet.mat
  artifactKey: Guid(092c0aeabb0be604a801c5ef5aee0020) Importer(815301076,1909f56bfc062723c751e8b465ee728b)
Start importing Assets/Materials/Bullet.mat using Guid(092c0aeabb0be604a801c5ef5aee0020) Importer(815301076,1909f56bfc062723c751e8b465ee728b)  -> (artifact id: 'b394348a91c5f27550ba0214520faa49') in 0.051885 seconds 
  Import took 0.058728 seconds .

========================================================================
Received Import Request.
  Time since last request: 0.000261 seconds.
  path: Assets/Materials/ToxicatedArea.mat
  artifactKey: Guid(47f49ac15ace01b41aac1daa5c672310) Importer(815301076,1909f56bfc062723c751e8b465ee728b)
Start importing Assets/Materials/ToxicatedArea.mat using Guid(47f49ac15ace01b41aac1daa5c672310) Importer(815301076,1909f56bfc062723c751e8b465ee728b)  -> (artifact id: 'e696c61983b17dcaf639de0793602d98') in 0.042680 seconds 
  Import took 0.047035 seconds .

========================================================================
Received Import Request.
  Time since last request: 13.410882 seconds.
  path: Assets/Scenes/Scene_Main.unity
  artifactKey: Guid(9fc0d4010bbf28b4594072e72b8655ab) Importer(815301076,1909f56bfc062723c751e8b465ee728b)
Start importing Assets/Scenes/Scene_Main.unity using Guid(9fc0d4010bbf28b4594072e72b8655ab) Importer(815301076,1909f56bfc062723c751e8b465ee728b)  -> (artifact id: '3b933f2f4eabf648b7377a4abf3fc875') in 0.018434 seconds 
  Import took 0.022503 seconds .

========================================================================
Received Prepare
Registering precompiled user dll's ...
Registered in 0.014537 seconds.
Begin MonoManager ReloadAssembly
Native extension for WindowsStandalone target not found
Native extension for WebGL target not found
Refreshing native plugins compatible for Editor in 0.95 ms, found 2 plugins.
Preloading 0 native plugins for Editor in 0.00 ms.
Mono: successfully reloaded assembly
- Completed reload, in  4.651 seconds
Domain Reload Profiling:
	ReloadAssembly (4672ms)
		BeginReloadAssembly (1353ms)
			ExecutionOrderSort (0ms)
			DisableScriptedObjects (90ms)
			BackupInstance (0ms)
			ReleaseScriptingObjects (2ms)
			CreateAndSetChildDomain (659ms)
		EndReloadAssembly (3155ms)
			LoadAssemblies (425ms)
			RebuildTransferFunctionScriptingTraits (0ms)
			SetupTypeCache (757ms)
			ReleaseScriptCaches (3ms)
			RebuildScriptCaches (99ms)
			SetupLoadedEditorAssemblies (1702ms)
				LogAssemblyErrors (0ms)
				InitializePlatformSupportModulesInManaged (19ms)
				SetLoadedEditorAssemblies (2ms)
				RefreshPlugins (1ms)
				BeforeProcessingInitializeOnLoad (325ms)
				ProcessInitializeOnLoadAttributes (1339ms)
				ProcessInitializeOnLoadMethodAttributes (7ms)
				AfterProcessingInitializeOnLoad (10ms)
				EditorAssembliesLoaded (1ms)
			ExecutionOrderSort2 (0ms)
			AwakeInstancesAfterBackupRestoration (14ms)
Platform modules already initialized, skipping
Refreshing native plugins compatible for Editor in 0.67 ms, found 2 plugins.
Preloading 0 native plugins for Editor in 0.00 ms.
Unloading 1883 Unused Serialized files (Serialized files now loaded: 0)
System memory in use before: 87.5 MB.
System memory in use after: 87.6 MB.

Unloading 16 unused Assets to reduce memory usage. Loaded Objects now: 2392.
Total: 17.981000 ms (FindLiveObjects: 2.065200 ms CreateObjectMapping: 0.863000 ms MarkObjects: 14.016200 ms  DeleteObjects: 1.033300 ms)

AssetImportParameters requested are different than current active one (requested -> active):
  custom:framework-win-MediaFoundation: 216162199b28c13a410421893ffa2e32 -> 
  custom:video-decoder-ogg-theora: a1e56fd34408186e4bbccfd4996cb3dc -> 
  custom:container-muxer-webm: aa71ff27fc2769a1b78a27578f13a17b -> 
  custom:container-demuxer-webm: 4f35f7cbe854078d1ac9338744f61a02 -> 
  custom:container-demuxer-ogg: 62fdf1f143b41e24485cea50d1cbac27 -> 
  custom:video-encoder-webm-vp8: eb34c28f22e8b96e1ab97ce403110664 -> 
  custom:video-codec-MediaFoundation-h265: 746d11721c4dcdbdad8f713fa42b33f4 -> 
  custom:video-decoder-webm-vp8: 9c59270c3fd7afecdb556c50c9e8de78 -> 
  custom:audio-decoder-ogg-vorbis: bf7c407c2cedff20999df2af8eb42d56 -> 
  custom:audio-encoder-webm-vorbis: bf7c407c2cedff20999df2af8eb42d56 -> 
========================================================================
Received Prepare
Refreshing native plugins compatible for Editor in 10.65 ms, found 2 plugins.
Preloading 0 native plugins for Editor in 0.00 ms.
Unloading 12 Unused Serialized files (Serialized files now loaded: 0)
System memory in use before: 50.5 MB.
System memory in use after: 50.5 MB.

Unloading 12 unused Assets to reduce memory usage. Loaded Objects now: 2392.
Total: 3.140500 ms (FindLiveObjects: 0.368600 ms CreateObjectMapping: 0.159700 ms MarkObjects: 2.523000 ms  DeleteObjects: 0.087800 ms)

AssetImportParameters requested are different than current active one (requested -> active):
  custom:framework-win-MediaFoundation: 216162199b28c13a410421893ffa2e32 -> 
  custom:video-decoder-ogg-theora: a1e56fd34408186e4bbccfd4996cb3dc -> 
  custom:container-muxer-webm: aa71ff27fc2769a1b78a27578f13a17b -> 
  custom:container-demuxer-webm: 4f35f7cbe854078d1ac9338744f61a02 -> 
  custom:container-demuxer-ogg: 62fdf1f143b41e24485cea50d1cbac27 -> 
  custom:video-encoder-webm-vp8: eb34c28f22e8b96e1ab97ce403110664 -> 
  custom:video-codec-MediaFoundation-h265: 746d11721c4dcdbdad8f713fa42b33f4 -> 
  custom:video-decoder-webm-vp8: 9c59270c3fd7afecdb556c50c9e8de78 -> 
  custom:audio-decoder-ogg-vorbis: bf7c407c2cedff20999df2af8eb42d56 -> 
  custom:audio-encoder-webm-vorbis: bf7c407c2cedff20999df2af8eb42d56 -> 
========================================================================
Received Prepare
Refreshing native plugins compatible for Editor in 17.39 ms, found 2 plugins.
Preloading 0 native plugins for Editor in 0.00 ms.
Unloading 12 Unused Serialized files (Serialized files now loaded: 0)
System memory in use before: 50.5 MB.
System memory in use after: 50.5 MB.

Unloading 12 unused Assets to reduce memory usage. Loaded Objects now: 2392.
Total: 11352.402400 ms (FindLiveObjects: 1.326700 ms CreateObjectMapping: 0.359400 ms MarkObjects: 11349.534900 ms  DeleteObjects: 1.177000 ms)

AssetImportParameters requested are different than current active one (requested -> active):
  custom:framework-win-MediaFoundation: 216162199b28c13a410421893ffa2e32 -> 
  custom:video-decoder-ogg-theora: a1e56fd34408186e4bbccfd4996cb3dc -> 
  custom:container-muxer-webm: aa71ff27fc2769a1b78a27578f13a17b -> 
  custom:container-demuxer-webm: 4f35f7cbe854078d1ac9338744f61a02 -> 
  custom:container-demuxer-ogg: 62fdf1f143b41e24485cea50d1cbac27 -> 
  custom:video-encoder-webm-vp8: eb34c28f22e8b96e1ab97ce403110664 -> 
  custom:video-codec-MediaFoundation-h265: 746d11721c4dcdbdad8f713fa42b33f4 -> 
  custom:video-decoder-webm-vp8: 9c59270c3fd7afecdb556c50c9e8de78 -> 
  custom:audio-decoder-ogg-vorbis: bf7c407c2cedff20999df2af8eb42d56 -> 
  custom:audio-encoder-webm-vorbis: bf7c407c2cedff20999df2af8eb42d56 -> 
AssetImportWorkerClient::OnTransportError - code=2 error=End of file
