Using pre-set license
Built from '2020.3/release' branch; Version is '2020.3.15f2 (6cf78cb77498) revision 7141260'; Using compiler version '192528614'; Build Type 'Release'
OS: 'Windows 10 Home; OS build 19043.1466; Version 2009; 64bit' Language: 'ja' Physical Memory: 16305 MB
BatchMode: 1, IsHumanControllingUs: 0, StartBugReporterOnCrash: 0, Is64bit: 1, IsPro: 0

 COMMAND LINE ARGUMENTS:
C:\Program Files\Unity\Hub\Editor\2020.3.15f2\Editor\Unity.exe
-adb2
-batchMode
-noUpm
-name
AssetImportWorker0
-projectPath
C:/Users/山岸大翔/Desktop/Projects/unity-topdownshooting/Shooting Game
-logFile
Logs/AssetImportWorker0.log
-srvPort
54353
Successfully changed project path to: C:/Users/山岸大翔/Desktop/Projects/unity-topdownshooting/Shooting Game
C:/Users/山岸大翔/Desktop/Projects/unity-topdownshooting/Shooting Game
Using Asset Import Pipeline V2.
Refreshing native plugins compatible for Editor in 91.25 ms, found 2 plugins.
Preloading 0 native plugins for Editor in 0.00 ms.
Initialize engine version: 2020.3.15f2 (6cf78cb77498)
[Subsystems] Discovering subsystems at path C:/Program Files/Unity/Hub/Editor/2020.3.15f2/Editor/Data/Resources/UnitySubsystems
[Subsystems] Discovering subsystems at path C:/Users/山岸大翔/Desktop/Projects/unity-topdownshooting/Shooting Game/Assets
GfxDevice: creating device client; threaded=0
Direct3D:
    Version:  Direct3D 11.0 [level 11.1]
    Renderer: Radeon RX 580 Series (ID=0x67df)
    Vendor:   
    VRAM:     8171 MB
    Driver:   30.0.14023.1009
Initialize mono
Mono path[0] = 'C:/Program Files/Unity/Hub/Editor/2020.3.15f2/Editor/Data/Managed'
Mono path[1] = 'C:/Program Files/Unity/Hub/Editor/2020.3.15f2/Editor/Data/MonoBleedingEdge/lib/mono/unityjit'
Mono config path = 'C:/Program Files/Unity/Hub/Editor/2020.3.15f2/Editor/Data/MonoBleedingEdge/etc'
Using monoOptions --debugger-agent=transport=dt_socket,embedding=1,server=y,suspend=n,address=127.0.0.1:56828
Begin MonoManager ReloadAssembly
Registering precompiled unity dll's ...
Register platform support module: C:/Program Files/Unity/Hub/Editor/2020.3.15f2/Editor/Data/PlaybackEngines/WebGLSupport/UnityEditor.WebGL.Extensions.dll
Register platform support module: C:/Program Files/Unity/Hub/Editor/2020.3.15f2/Editor/Data/PlaybackEngines/WindowsStandaloneSupport/UnityEditor.WindowsStandalone.Extensions.dll
Registered in 0.002669 seconds.
Native extension for WindowsStandalone target not found
Native extension for WebGL target not found
Refreshing native plugins compatible for Editor in 39.42 ms, found 2 plugins.
Preloading 0 native plugins for Editor in 0.00 ms.
Mono: successfully reloaded assembly
- Completed reload, in  1.705 seconds
Domain Reload Profiling:
	ReloadAssembly (1706ms)
		BeginReloadAssembly (98ms)
			ExecutionOrderSort (0ms)
			DisableScriptedObjects (0ms)
			BackupInstance (0ms)
			ReleaseScriptingObjects (0ms)
			CreateAndSetChildDomain (1ms)
		EndReloadAssembly (568ms)
			LoadAssemblies (96ms)
			RebuildTransferFunctionScriptingTraits (0ms)
			SetupTypeCache (229ms)
			ReleaseScriptCaches (0ms)
			RebuildScriptCaches (42ms)
			SetupLoadedEditorAssemblies (186ms)
				LogAssemblyErrors (0ms)
				InitializePlatformSupportModulesInManaged (6ms)
				SetLoadedEditorAssemblies (0ms)
				RefreshPlugins (40ms)
				BeforeProcessingInitializeOnLoad (10ms)
				ProcessInitializeOnLoadAttributes (97ms)
				ProcessInitializeOnLoadMethodAttributes (32ms)
				AfterProcessingInitializeOnLoad (0ms)
				EditorAssembliesLoaded (0ms)
			ExecutionOrderSort2 (0ms)
			AwakeInstancesAfterBackupRestoration (0ms)
Platform modules already initialized, skipping
Registering precompiled user dll's ...
Registered in 0.005712 seconds.
Begin MonoManager ReloadAssembly
Native extension for WindowsStandalone target not found
Native extension for WebGL target not found
Refreshing native plugins compatible for Editor in 1.10 ms, found 2 plugins.
Preloading 0 native plugins for Editor in 0.00 ms.
Mono: successfully reloaded assembly
- Completed reload, in  1.785 seconds
Domain Reload Profiling:
	ReloadAssembly (1786ms)
		BeginReloadAssembly (214ms)
			ExecutionOrderSort (0ms)
			DisableScriptedObjects (8ms)
			BackupInstance (0ms)
			ReleaseScriptingObjects (0ms)
			CreateAndSetChildDomain (21ms)
		EndReloadAssembly (1441ms)
			LoadAssemblies (118ms)
			RebuildTransferFunctionScriptingTraits (0ms)
			SetupTypeCache (381ms)
			ReleaseScriptCaches (0ms)
			RebuildScriptCaches (67ms)
			SetupLoadedEditorAssemblies (686ms)
				LogAssemblyErrors (0ms)
				InitializePlatformSupportModulesInManaged (10ms)
				SetLoadedEditorAssemblies (1ms)
				RefreshPlugins (1ms)
				BeforeProcessingInitializeOnLoad (131ms)
				ProcessInitializeOnLoadAttributes (519ms)
				ProcessInitializeOnLoadMethodAttributes (7ms)
				AfterProcessingInitializeOnLoad (17ms)
				EditorAssembliesLoaded (0ms)
			ExecutionOrderSort2 (0ms)
			AwakeInstancesAfterBackupRestoration (12ms)
Platform modules already initialized, skipping
========================================================================
Worker process is ready to serve import requests
Launched and connected shader compiler UnityShaderCompiler.exe after 0.14 seconds
Refreshing native plugins compatible for Editor in 0.63 ms, found 2 plugins.
Preloading 0 native plugins for Editor in 0.00 ms.
Unloading 1911 Unused Serialized files (Serialized files now loaded: 0)
System memory in use before: 86.6 MB.
System memory in use after: 86.7 MB.

Unloading 20 unused Assets to reduce memory usage. Loaded Objects now: 2346.
Total: 2.583500 ms (FindLiveObjects: 0.192000 ms CreateObjectMapping: 0.068900 ms MarkObjects: 2.191200 ms  DeleteObjects: 0.129900 ms)

AssetImportParameters requested are different than current active one (requested -> active):
  custom:framework-win-MediaFoundation: 216162199b28c13a410421893ffa2e32 -> 
  custom:video-decoder-ogg-theora: a1e56fd34408186e4bbccfd4996cb3dc -> 
  custom:container-muxer-webm: aa71ff27fc2769a1b78a27578f13a17b -> 
  custom:container-demuxer-webm: 4f35f7cbe854078d1ac9338744f61a02 -> 
  custom:container-demuxer-ogg: 62fdf1f143b41e24485cea50d1cbac27 -> 
  custom:video-encoder-webm-vp8: eb34c28f22e8b96e1ab97ce403110664 -> 
  custom:video-decoder-webm-vp8: 9c59270c3fd7afecdb556c50c9e8de78 -> 
  custom:audio-decoder-ogg-vorbis: bf7c407c2cedff20999df2af8eb42d56 -> 
  custom:audio-encoder-webm-vorbis: bf7c407c2cedff20999df2af8eb42d56 -> 
========================================================================
Received Import Request.
  path: Assets/Area.blend
  artifactKey: Guid(1441a95a013eec84ca5d95b7635071cf) Importer(815301076,1909f56bfc062723c751e8b465ee728b)
Start importing Assets/Area.blend using Guid(1441a95a013eec84ca5d95b7635071cf) Importer(815301076,1909f56bfc062723c751e8b465ee728b)  -> (artifact id: '5b2fd46cd29041b62686c478a3bb163d') in 0.219124 seconds 
  Import took 0.223049 seconds .

========================================================================
Received Import Request.
  Time since last request: 0.064544 seconds.
  path: Assets/Area.blend
  artifactKey: Guid(1441a95a013eec84ca5d95b7635071cf) Importer(815301076,1909f56bfc062723c751e8b465ee728b)
Start importing Assets/Area.blend using Guid(1441a95a013eec84ca5d95b7635071cf) Importer(815301076,1909f56bfc062723c751e8b465ee728b)  -> (artifact id: '5b2fd46cd29041b62686c478a3bb163d') in 0.044506 seconds 
  Import took 0.050163 seconds .

========================================================================
Received Import Request.
  Time since last request: 79.147726 seconds.
  path: Assets/Area.blend
  artifactKey: Guid(1441a95a013eec84ca5d95b7635071cf) Importer(815301076,1909f56bfc062723c751e8b465ee728b)
Start importing Assets/Area.blend using Guid(1441a95a013eec84ca5d95b7635071cf) Importer(815301076,1909f56bfc062723c751e8b465ee728b)  -> (artifact id: '4a1b3835241a2a1b04f24f61cf121635') in 0.045244 seconds 
  Import took 0.123200 seconds .

========================================================================
Received Import Request.
  Time since last request: 129.308642 seconds.
  path: Assets/Area.blend
  artifactKey: Guid(1441a95a013eec84ca5d95b7635071cf) Importer(815301076,1909f56bfc062723c751e8b465ee728b)
Start importing Assets/Area.blend using Guid(1441a95a013eec84ca5d95b7635071cf) Importer(815301076,1909f56bfc062723c751e8b465ee728b)  -> (artifact id: 'bfa66d8a25b355627bda06d45642f4ed') in 0.137349 seconds 
  Import took 0.151342 seconds .

========================================================================
Received Import Request.
  Time since last request: 56.143196 seconds.
  path: Assets/Area.blend
  artifactKey: Guid(1441a95a013eec84ca5d95b7635071cf) Importer(815301076,1909f56bfc062723c751e8b465ee728b)
Start importing Assets/Area.blend using Guid(1441a95a013eec84ca5d95b7635071cf) Importer(815301076,1909f56bfc062723c751e8b465ee728b)  -> (artifact id: '14c04ff7e76922e11ccbcb5b7950a9cd') in 0.100143 seconds 
  Import took 0.132734 seconds .

========================================================================
Received Import Request.
  Time since last request: 13.342831 seconds.
  path: Assets/Imported
  artifactKey: Guid(77676d3623d0c9a4ab4ba910bd273e0a) Importer(815301076,1909f56bfc062723c751e8b465ee728b)
Start importing Assets/Imported using Guid(77676d3623d0c9a4ab4ba910bd273e0a) Importer(815301076,1909f56bfc062723c751e8b465ee728b)  -> (artifact id: '839308741b9b227a2c916cee4a94afa4') in 0.026304 seconds 
  Import took 0.049188 seconds .

========================================================================
Received Import Request.
  Time since last request: 188.352107 seconds.
  path: Assets/Imported/Area.blend
  artifactKey: Guid(1441a95a013eec84ca5d95b7635071cf) Importer(815301076,1909f56bfc062723c751e8b465ee728b)
Start importing Assets/Imported/Area.blend using Guid(1441a95a013eec84ca5d95b7635071cf) Importer(815301076,1909f56bfc062723c751e8b465ee728b)  -> (artifact id: '83dc88f3ae38dc8eed5a261fee819c42') in 0.060846 seconds 
  Import took 0.070345 seconds .

========================================================================
Received Import Request.
  Time since last request: 4.417817 seconds.
  path: Assets/Imported/Area.blend
  artifactKey: Guid(1441a95a013eec84ca5d95b7635071cf) Importer(815301076,1909f56bfc062723c751e8b465ee728b)
Start importing Assets/Imported/Area.blend using Guid(1441a95a013eec84ca5d95b7635071cf) Importer(815301076,1909f56bfc062723c751e8b465ee728b)  -> (artifact id: '96d80ccd3b5d3b3df66229ec2b460c72') in 0.021614 seconds 
  Import took 0.027658 seconds .

========================================================================
Received Import Request.
  Time since last request: 0.003278 seconds.
  path: Assets/Imported/Area.blend
  artifactKey: Guid(1441a95a013eec84ca5d95b7635071cf) Importer(815301076,1909f56bfc062723c751e8b465ee728b)
Start importing Assets/Imported/Area.blend using Guid(1441a95a013eec84ca5d95b7635071cf) Importer(815301076,1909f56bfc062723c751e8b465ee728b)  -> (artifact id: '96d80ccd3b5d3b3df66229ec2b460c72') in 0.026612 seconds 
  Import took 0.033453 seconds .

========================================================================
Received Import Request.
  Time since last request: 28.004825 seconds.
  path: Assets/Imported/Area.blend
  artifactKey: Guid(1441a95a013eec84ca5d95b7635071cf) Importer(815301076,1909f56bfc062723c751e8b465ee728b)
Start importing Assets/Imported/Area.blend using Guid(1441a95a013eec84ca5d95b7635071cf) Importer(815301076,1909f56bfc062723c751e8b465ee728b)  -> (artifact id: 'e0f031099d68bf0ff5138ba19d2a0cec') in 0.028436 seconds 
  Import took 0.036276 seconds .

========================================================================
Received Import Request.
  Time since last request: 909.323057 seconds.
  path: Assets/Prefabs/Area.prefab
  artifactKey: Guid(fb1895d459f05ea4fa986eb9cf83b1fe) Importer(815301076,1909f56bfc062723c751e8b465ee728b)
Start importing Assets/Prefabs/Area.prefab using Guid(fb1895d459f05ea4fa986eb9cf83b1fe) Importer(815301076,1909f56bfc062723c751e8b465ee728b)  -> (artifact id: 'c0416dde880e23b92a1b85f192ecc7d7') in 0.056328 seconds 
  Import took 0.063633 seconds .

========================================================================
Received Import Request.
  Time since last request: 0.001595 seconds.
  path: Assets/Prefabs/Area.prefab
  artifactKey: Guid(fb1895d459f05ea4fa986eb9cf83b1fe) Importer(815301076,1909f56bfc062723c751e8b465ee728b)
Start importing Assets/Prefabs/Area.prefab using Guid(fb1895d459f05ea4fa986eb9cf83b1fe) Importer(815301076,1909f56bfc062723c751e8b465ee728b)  -> (artifact id: 'c0416dde880e23b92a1b85f192ecc7d7') in 0.026003 seconds 
  Import took 0.041308 seconds .

========================================================================
Received Import Request.
  Time since last request: 5.428809 seconds.
  path: Assets/Materials/ToxicatedArea.mat
  artifactKey: Guid(47f49ac15ace01b41aac1daa5c672310) Importer(815301076,1909f56bfc062723c751e8b465ee728b)
Start importing Assets/Materials/ToxicatedArea.mat using Guid(47f49ac15ace01b41aac1daa5c672310) Importer(815301076,1909f56bfc062723c751e8b465ee728b)  -> (artifact id: '064b10668a26ae85a8461162718c4066') in 0.046199 seconds 
  Import took 0.052441 seconds .

========================================================================
Received Import Request.
  Time since last request: 289.500829 seconds.
  path: Assets/Imported/Area.blend
  artifactKey: Guid(1441a95a013eec84ca5d95b7635071cf) Importer(815301076,1909f56bfc062723c751e8b465ee728b)
Start importing Assets/Imported/Area.blend using Guid(1441a95a013eec84ca5d95b7635071cf) Importer(815301076,1909f56bfc062723c751e8b465ee728b)  -> (artifact id: 'ea104a50039f849c4fd3e52ef6bb53b7') in 0.025792 seconds 
  Import took 0.032296 seconds .

========================================================================
Received Import Request.
  Time since last request: 0.002085 seconds.
  path: Assets/Imported/Area.blend
  artifactKey: Guid(1441a95a013eec84ca5d95b7635071cf) Importer(815301076,1909f56bfc062723c751e8b465ee728b)
Start importing Assets/Imported/Area.blend using Guid(1441a95a013eec84ca5d95b7635071cf) Importer(815301076,1909f56bfc062723c751e8b465ee728b)  -> (artifact id: 'ea104a50039f849c4fd3e52ef6bb53b7') in 0.032361 seconds 
  Import took 0.038332 seconds .

========================================================================
Received Import Request.
  Time since last request: 26.108998 seconds.
  path: Assets/Imported/Area.blend
  artifactKey: Guid(1441a95a013eec84ca5d95b7635071cf) Importer(815301076,1909f56bfc062723c751e8b465ee728b)
Start importing Assets/Imported/Area.blend using Guid(1441a95a013eec84ca5d95b7635071cf) Importer(815301076,1909f56bfc062723c751e8b465ee728b)  -> (artifact id: '094c0373fe41a3ec59b34fc8ce78ff26') in 0.022441 seconds 
  Import took 0.027713 seconds .

========================================================================
Received Import Request.
  Time since last request: 0.006999 seconds.
  path: Assets/Imported/Area.blend
  artifactKey: Guid(1441a95a013eec84ca5d95b7635071cf) Importer(815301076,1909f56bfc062723c751e8b465ee728b)
Start importing Assets/Imported/Area.blend using Guid(1441a95a013eec84ca5d95b7635071cf) Importer(815301076,1909f56bfc062723c751e8b465ee728b)  -> (artifact id: '094c0373fe41a3ec59b34fc8ce78ff26') in 0.020983 seconds 
  Import took 0.028114 seconds .

========================================================================
Received Import Request.
  Time since last request: 13.921601 seconds.
  path: Assets/Imported/Area.blend
  artifactKey: Guid(1441a95a013eec84ca5d95b7635071cf) Importer(815301076,1909f56bfc062723c751e8b465ee728b)
Start importing Assets/Imported/Area.blend using Guid(1441a95a013eec84ca5d95b7635071cf) Importer(815301076,1909f56bfc062723c751e8b465ee728b)  -> (artifact id: '1904ea082a4c810256154855c363ff7f') in 0.024813 seconds 
  Import took 0.029355 seconds .

========================================================================
Received Import Request.
  Time since last request: 0.010458 seconds.
  path: Assets/Imported/Area.blend
  artifactKey: Guid(1441a95a013eec84ca5d95b7635071cf) Importer(815301076,1909f56bfc062723c751e8b465ee728b)
Start importing Assets/Imported/Area.blend using Guid(1441a95a013eec84ca5d95b7635071cf) Importer(815301076,1909f56bfc062723c751e8b465ee728b)  -> (artifact id: '1904ea082a4c810256154855c363ff7f') in 0.022822 seconds 
  Import took 0.027899 seconds .

========================================================================
Received Prepare
Registering precompiled user dll's ...
Registered in 0.009320 seconds.
Begin MonoManager ReloadAssembly
Native extension for WindowsStandalone target not found
Native extension for WebGL target not found
Refreshing native plugins compatible for Editor in 0.41 ms, found 2 plugins.
Preloading 0 native plugins for Editor in 0.00 ms.
Mono: successfully reloaded assembly
- Completed reload, in  1.663 seconds
Domain Reload Profiling:
	ReloadAssembly (1664ms)
		BeginReloadAssembly (183ms)
			ExecutionOrderSort (0ms)
			DisableScriptedObjects (6ms)
			BackupInstance (0ms)
			ReleaseScriptingObjects (0ms)
			CreateAndSetChildDomain (49ms)
		EndReloadAssembly (1198ms)
			LoadAssemblies (146ms)
			RebuildTransferFunctionScriptingTraits (0ms)
			SetupTypeCache (412ms)
			ReleaseScriptCaches (1ms)
			RebuildScriptCaches (63ms)
			SetupLoadedEditorAssemblies (476ms)
				LogAssemblyErrors (0ms)
				InitializePlatformSupportModulesInManaged (6ms)
				SetLoadedEditorAssemblies (0ms)
				RefreshPlugins (0ms)
				BeforeProcessingInitializeOnLoad (87ms)
				ProcessInitializeOnLoadAttributes (368ms)
				ProcessInitializeOnLoadMethodAttributes (5ms)
				AfterProcessingInitializeOnLoad (9ms)
				EditorAssembliesLoaded (0ms)
			ExecutionOrderSort2 (0ms)
			AwakeInstancesAfterBackupRestoration (8ms)
Platform modules already initialized, skipping
Refreshing native plugins compatible for Editor in 0.80 ms, found 2 plugins.
Preloading 0 native plugins for Editor in 0.00 ms.
Unloading 1883 Unused Serialized files (Serialized files now loaded: 0)
System memory in use before: 88.0 MB.
System memory in use after: 88.1 MB.

Unloading 16 unused Assets to reduce memory usage. Loaded Objects now: 2392.
Total: 5.972200 ms (FindLiveObjects: 0.302700 ms CreateObjectMapping: 0.112500 ms MarkObjects: 4.347600 ms  DeleteObjects: 1.207200 ms)

AssetImportParameters requested are different than current active one (requested -> active):
  custom:framework-win-MediaFoundation: 216162199b28c13a410421893ffa2e32 -> 
  custom:video-decoder-ogg-theora: a1e56fd34408186e4bbccfd4996cb3dc -> 
  custom:container-muxer-webm: aa71ff27fc2769a1b78a27578f13a17b -> 
  custom:container-demuxer-webm: 4f35f7cbe854078d1ac9338744f61a02 -> 
  custom:container-demuxer-ogg: 62fdf1f143b41e24485cea50d1cbac27 -> 
  custom:video-encoder-webm-vp8: eb34c28f22e8b96e1ab97ce403110664 -> 
  custom:video-decoder-webm-vp8: 9c59270c3fd7afecdb556c50c9e8de78 -> 
  custom:audio-decoder-ogg-vorbis: bf7c407c2cedff20999df2af8eb42d56 -> 
  custom:audio-encoder-webm-vorbis: bf7c407c2cedff20999df2af8eb42d56 -> 
========================================================================
Received Import Request.
  Time since last request: 128.686930 seconds.
  path: Assets/Prefabs/Area.prefab
  artifactKey: Guid(fb1895d459f05ea4fa986eb9cf83b1fe) Importer(815301076,1909f56bfc062723c751e8b465ee728b)
Start importing Assets/Prefabs/Area.prefab using Guid(fb1895d459f05ea4fa986eb9cf83b1fe) Importer(815301076,1909f56bfc062723c751e8b465ee728b)  -> (artifact id: '1165e38f15f6d0623e7eeeb83780ad57') in 0.067488 seconds 
  Import took 0.073243 seconds .

========================================================================
Received Prepare
Registering precompiled user dll's ...
Registered in 0.009329 seconds.
Begin MonoManager ReloadAssembly
Native extension for WindowsStandalone target not found
Native extension for WebGL target not found
Refreshing native plugins compatible for Editor in 0.47 ms, found 2 plugins.
Preloading 0 native plugins for Editor in 0.00 ms.
Mono: successfully reloaded assembly
- Completed reload, in  2.349 seconds
Domain Reload Profiling:
	ReloadAssembly (2350ms)
		BeginReloadAssembly (230ms)
			ExecutionOrderSort (0ms)
			DisableScriptedObjects (11ms)
			BackupInstance (0ms)
			ReleaseScriptingObjects (0ms)
			CreateAndSetChildDomain (86ms)
		EndReloadAssembly (2022ms)
			LoadAssemblies (149ms)
			RebuildTransferFunctionScriptingTraits (0ms)
			SetupTypeCache (517ms)
			ReleaseScriptCaches (1ms)
			RebuildScriptCaches (135ms)
			SetupLoadedEditorAssemblies (916ms)
				LogAssemblyErrors (0ms)
				InitializePlatformSupportModulesInManaged (9ms)
				SetLoadedEditorAssemblies (0ms)
				RefreshPlugins (1ms)
				BeforeProcessingInitializeOnLoad (176ms)
				ProcessInitializeOnLoadAttributes (504ms)
				ProcessInitializeOnLoadMethodAttributes (16ms)
				AfterProcessingInitializeOnLoad (210ms)
				EditorAssembliesLoaded (0ms)
			ExecutionOrderSort2 (0ms)
			AwakeInstancesAfterBackupRestoration (36ms)
Platform modules already initialized, skipping
Refreshing native plugins compatible for Editor in 0.73 ms, found 2 plugins.
Preloading 0 native plugins for Editor in 0.00 ms.
Unloading 1882 Unused Serialized files (Serialized files now loaded: 0)
System memory in use before: 88.0 MB.
System memory in use after: 88.1 MB.

Unloading 15 unused Assets to reduce memory usage. Loaded Objects now: 2395.
Total: 7.220700 ms (FindLiveObjects: 0.234700 ms CreateObjectMapping: 4.722200 ms MarkObjects: 2.174300 ms  DeleteObjects: 0.087900 ms)

AssetImportParameters requested are different than current active one (requested -> active):
  custom:framework-win-MediaFoundation: 216162199b28c13a410421893ffa2e32 -> 
  custom:video-decoder-ogg-theora: a1e56fd34408186e4bbccfd4996cb3dc -> 
  custom:container-muxer-webm: aa71ff27fc2769a1b78a27578f13a17b -> 
  custom:container-demuxer-webm: 4f35f7cbe854078d1ac9338744f61a02 -> 
  custom:container-demuxer-ogg: 62fdf1f143b41e24485cea50d1cbac27 -> 
  custom:video-encoder-webm-vp8: eb34c28f22e8b96e1ab97ce403110664 -> 
  custom:video-decoder-webm-vp8: 9c59270c3fd7afecdb556c50c9e8de78 -> 
  custom:audio-decoder-ogg-vorbis: bf7c407c2cedff20999df2af8eb42d56 -> 
  custom:audio-encoder-webm-vorbis: bf7c407c2cedff20999df2af8eb42d56 -> 
========================================================================
Received Prepare
Registering precompiled user dll's ...
Registered in 0.006800 seconds.
Begin MonoManager ReloadAssembly
Native extension for WindowsStandalone target not found
Native extension for WebGL target not found
Refreshing native plugins compatible for Editor in 0.66 ms, found 2 plugins.
Preloading 0 native plugins for Editor in 0.00 ms.
Mono: successfully reloaded assembly
- Completed reload, in  2.529 seconds
Domain Reload Profiling:
	ReloadAssembly (2530ms)
		BeginReloadAssembly (226ms)
			ExecutionOrderSort (0ms)
			DisableScriptedObjects (13ms)
			BackupInstance (0ms)
			ReleaseScriptingObjects (0ms)
			CreateAndSetChildDomain (86ms)
		EndReloadAssembly (2053ms)
			LoadAssemblies (142ms)
			RebuildTransferFunctionScriptingTraits (0ms)
			SetupTypeCache (592ms)
			ReleaseScriptCaches (1ms)
			RebuildScriptCaches (65ms)
			SetupLoadedEditorAssemblies (1008ms)
				LogAssemblyErrors (0ms)
				InitializePlatformSupportModulesInManaged (11ms)
				SetLoadedEditorAssemblies (1ms)
				RefreshPlugins (1ms)
				BeforeProcessingInitializeOnLoad (177ms)
				ProcessInitializeOnLoadAttributes (808ms)
				ProcessInitializeOnLoadMethodAttributes (3ms)
				AfterProcessingInitializeOnLoad (7ms)
				EditorAssembliesLoaded (0ms)
			ExecutionOrderSort2 (0ms)
			AwakeInstancesAfterBackupRestoration (7ms)
Platform modules already initialized, skipping
Refreshing native plugins compatible for Editor in 0.40 ms, found 2 plugins.
Preloading 0 native plugins for Editor in 0.00 ms.
Unloading 1882 Unused Serialized files (Serialized files now loaded: 0)
System memory in use before: 88.0 MB.
System memory in use after: 88.1 MB.

Unloading 15 unused Assets to reduce memory usage. Loaded Objects now: 2397.
Total: 3.767800 ms (FindLiveObjects: 0.593300 ms CreateObjectMapping: 0.129500 ms MarkObjects: 2.924500 ms  DeleteObjects: 0.118700 ms)

AssetImportParameters requested are different than current active one (requested -> active):
  custom:framework-win-MediaFoundation: 216162199b28c13a410421893ffa2e32 -> 
  custom:video-decoder-ogg-theora: a1e56fd34408186e4bbccfd4996cb3dc -> 
  custom:container-muxer-webm: aa71ff27fc2769a1b78a27578f13a17b -> 
  custom:container-demuxer-webm: 4f35f7cbe854078d1ac9338744f61a02 -> 
  custom:container-demuxer-ogg: 62fdf1f143b41e24485cea50d1cbac27 -> 
  custom:video-encoder-webm-vp8: eb34c28f22e8b96e1ab97ce403110664 -> 
  custom:video-decoder-webm-vp8: 9c59270c3fd7afecdb556c50c9e8de78 -> 
  custom:audio-decoder-ogg-vorbis: bf7c407c2cedff20999df2af8eb42d56 -> 
  custom:audio-encoder-webm-vorbis: bf7c407c2cedff20999df2af8eb42d56 -> 
AssetImportWorkerClient::OnTransportError - code=2 error=End of file
